[ 2025-09-17 19:26:02,821 ] 1025 httpx - INFO - HTTP Request: GET https://dagshub.com/api/v1/user "HTTP/1.1 200 OK"
[ 2025-09-17 19:26:02,825 ] 107 dagshub - INFO - Accessing as ShubhamJadhav03
[ 2025-09-17 19:26:03,258 ] 1025 httpx - INFO - HTTP Request: GET https://dagshub.com/api/v1/repos/ShubhamJadhav03/networksecurity "HTTP/1.1 200 OK"
[ 2025-09-17 19:26:03,613 ] 1025 httpx - INFO - HTTP Request: GET https://dagshub.com/api/v1/user "HTTP/1.1 200 OK"
[ 2025-09-17 19:26:03,614 ] 107 dagshub - INFO - Initialized MLflow to track repo "ShubhamJadhav03/networksecurity"
[ 2025-09-17 19:26:03,615 ] 107 dagshub - INFO - Repository ShubhamJadhav03/networksecurity initialized!
[ 2025-09-17 19:26:43,545 ] 42 root - INFO - Starting Data Ingestion...
[ 2025-09-17 19:26:45,394 ] 66 root - INFO - Performed train test split on the dataframe
[ 2025-09-17 19:26:45,394 ] 68 root - INFO - Exited the split data as train test method of Data Ingestion class
[ 2025-09-17 19:26:45,395 ] 74 root - INFO - Exporting Train and Test File Path
[ 2025-09-17 19:26:45,455 ] 79 root - INFO - Exported train and test file path.
[ 2025-09-17 19:26:45,455 ] 45 root - INFO - Data Ingestion completed: DataIngestionArtifact(trained_file_path='Artifacts\\09_17_2025_19_25_38\\data_ingestion\\ingested\\train.csv', test_file_path='Artifacts\\09_17_2025_19_25_38\\data_ingestion\\ingested\\test.csv')
[ 2025-09-17 19:26:45,456 ] 53 root - INFO - Starting Data Validation...
[ 2025-09-17 19:26:45,505 ] 33 root - INFO - Required number of Columns: 31
[ 2025-09-17 19:26:45,505 ] 34 root - INFO - DataFrame has Columns: Index(['having_IP_Address', 'URL_Length', 'Shortining_Service',
       'having_At_Symbol', 'double_slash_redirecting', 'Prefix_Suffix',
       'having_Sub_Domain', 'SSLfinal_State', 'Domain_registeration_length',
       'Favicon', 'port', 'HTTPS_token', 'Request_URL', 'URL_of_Anchor',
       'Links_in_tags', 'SFH', 'Submitting_to_email', 'Abnormal_URL',
       'Redirect', 'on_mouseover', 'RightClick', 'popUpWidnow', 'Iframe',
       'age_of_domain', 'DNSRecord', 'web_traffic', 'Page_Rank',
       'Google_Index', 'Links_pointing_to_page', 'Statistical_report',
       'Result'],
      dtype='object')
[ 2025-09-17 19:26:45,505 ] 36 root - INFO - \u2705 Number of columns validation passed.
[ 2025-09-17 19:26:45,505 ] 33 root - INFO - Required number of Columns: 31
[ 2025-09-17 19:26:45,505 ] 34 root - INFO - DataFrame has Columns: Index(['having_IP_Address', 'URL_Length', 'Shortining_Service',
       'having_At_Symbol', 'double_slash_redirecting', 'Prefix_Suffix',
       'having_Sub_Domain', 'SSLfinal_State', 'Domain_registeration_length',
       'Favicon', 'port', 'HTTPS_token', 'Request_URL', 'URL_of_Anchor',
       'Links_in_tags', 'SFH', 'Submitting_to_email', 'Abnormal_URL',
       'Redirect', 'on_mouseover', 'RightClick', 'popUpWidnow', 'Iframe',
       'age_of_domain', 'DNSRecord', 'web_traffic', 'Page_Rank',
       'Google_Index', 'Links_pointing_to_page', 'Statistical_report',
       'Result'],
      dtype='object')
[ 2025-09-17 19:26:45,506 ] 36 root - INFO - \u2705 Number of columns validation passed.
[ 2025-09-17 19:26:45,506 ] 57 root - INFO - \u2705 Numerical columns validation passed.
[ 2025-09-17 19:26:45,506 ] 57 root - INFO - \u2705 Numerical columns validation passed.
[ 2025-09-17 19:26:45,506 ] 118 root - INFO - \u2705 Schema validation checks passed for both train and test DataFrames.
[ 2025-09-17 19:26:45,585 ] 88 root - INFO - \u2705 No data drift detected between train and test.
[ 2025-09-17 19:26:45,649 ] 129 root - INFO - \u2705 Validated train and test DataFrames saved successfully.
[ 2025-09-17 19:26:45,649 ] 140 root - INFO - \u2705 Data Validation Artifact created successfully.
[ 2025-09-17 19:26:45,649 ] 59 root - INFO - Data Validation completed: DataValidationArtifact(validation_status=True, valid_train_file_path='Artifacts\\09_17_2025_19_25_38\\data_validation\\validated\\train.csv', valid_test_file_path='Artifacts\\09_17_2025_19_25_38\\data_validation\\validated\\test.csv', invalid_train_file_path=None, invalid_test_file_path=None, drift_report_file_path='Artifacts\\09_17_2025_19_25_38\\data_validation\\drift_report\\report.yaml')
[ 2025-09-17 19:26:45,650 ] 67 root - INFO - Starting Data Transformation...
[ 2025-09-17 19:26:45,650 ] 63 root - INFO - Entered initiate_data_transformation method of DataTransformation class
[ 2025-09-17 19:26:45,650 ] 65 root - INFO - Starting data transformation
[ 2025-09-17 19:26:45,694 ] 48 root - INFO - Entered get_data_trnasformer_object method of Trnasformation class
[ 2025-09-17 19:26:45,694 ] 53 root - INFO - Initialise KNNImputer with {'missing_values': nan, 'n_neighbors': 3, 'weights': 'uniform'}
[ 2025-09-17 19:26:45,706 ] 46 root - INFO - Entered the save_object method of MainUtils class
[ 2025-09-17 19:26:45,710 ] 50 root - INFO - Exited the save_object method of MainUtils class
[ 2025-09-17 19:26:45,710 ] 46 root - INFO - Entered the save_object method of MainUtils class
[ 2025-09-17 19:26:45,713 ] 50 root - INFO - Exited the save_object method of MainUtils class
[ 2025-09-17 19:26:45,713 ] 73 root - INFO - Data Transformation completed: DataTransformationArtifact(transformed_object_file_path='Artifacts\\09_17_2025_19_25_38\\data_transformation\\transformed_object\\preprocessing.pkl', transformed_train_file_path='Artifacts\\09_17_2025_19_25_38\\data_transformation\\transformed\\train.npy', transformed_test_file_path='Artifacts\\09_17_2025_19_25_38\\data_transformation\\transformed\\test.npy')
[ 2025-09-17 19:26:45,713 ] 100 root - INFO - Starting Model Training...
[ 2025-09-17 19:30:19,121 ] 46 root - INFO - Entered the save_object method of MainUtils class
[ 2025-09-17 19:30:19,130 ] 50 root - INFO - Exited the save_object method of MainUtils class
[ 2025-09-17 19:30:19,130 ] 46 root - INFO - Entered the save_object method of MainUtils class
[ 2025-09-17 19:30:19,137 ] 50 root - INFO - Exited the save_object method of MainUtils class
[ 2025-09-17 19:30:19,138 ] 136 root - INFO - Model trainer artifact: ModelTrainerArtifact(trained_model_file_path='Artifacts\\09_17_2025_19_25_38\\model_trainer\\trained_model\\model.pkl', train_metric_artifact=ClassificationMetricArtifact(f1_score=0.99099645928174, precision_score=0.9878983461073013, recall_score=0.9941140653541709), test_metric_artifact=ClassificationMetricArtifact(f1_score=0.9785164167004459, precision_score=0.9757477768795473, recall_score=0.9813008130081301))
[ 2025-09-17 19:30:19,138 ] 106 root - INFO - Model Training completed: ModelTrainerArtifact(trained_model_file_path='Artifacts\\09_17_2025_19_25_38\\model_trainer\\trained_model\\model.pkl', train_metric_artifact=ClassificationMetricArtifact(f1_score=0.99099645928174, precision_score=0.9878983461073013, recall_score=0.9941140653541709), test_metric_artifact=ClassificationMetricArtifact(f1_score=0.9785164167004459, precision_score=0.9757477768795473, recall_score=0.9813008130081301))
