[ 2025-09-16 23:41:39,390 ] 1025 httpx - INFO - HTTP Request: GET https://dagshub.com/api/v1/user "HTTP/1.1 200 OK"
[ 2025-09-16 23:41:39,458 ] 107 dagshub - INFO - Accessing as ShubhamJadhav03
[ 2025-09-16 23:41:39,895 ] 1025 httpx - INFO - HTTP Request: GET https://dagshub.com/api/v1/repos/ShubhamJadhav03/networksecurity "HTTP/1.1 200 OK"
[ 2025-09-16 23:41:42,394 ] 1025 httpx - INFO - HTTP Request: GET https://dagshub.com/api/v1/user "HTTP/1.1 200 OK"
[ 2025-09-16 23:41:42,396 ] 107 dagshub - INFO - Initialized MLflow to track repo "ShubhamJadhav03/networksecurity"
[ 2025-09-16 23:41:42,397 ] 107 dagshub - INFO - Repository ShubhamJadhav03/networksecurity initialized!
[ 2025-09-16 23:43:02,959 ] 40 root - INFO - Starting Data Ingestion...
[ 2025-09-16 23:43:04,779 ] 66 root - INFO - Performed train test split on the dataframe
[ 2025-09-16 23:43:04,779 ] 68 root - INFO - Exited the split data as train test method of Data Ingestion class
[ 2025-09-16 23:43:04,780 ] 74 root - INFO - Exporting Train and Test File Path
[ 2025-09-16 23:43:04,838 ] 79 root - INFO - Exported train and test file path.
[ 2025-09-16 23:43:04,838 ] 43 root - INFO - Data Ingestion completed: DataIngestionArtifact(trained_file_path='Artifacts\\09_16_2025_23_41_36\\data_ingestion\\ingested\\train.csv', test_file_path='Artifacts\\09_16_2025_23_41_36\\data_ingestion\\ingested\\test.csv')
[ 2025-09-16 23:43:04,839 ] 51 root - INFO - Starting Data Validation...
[ 2025-09-16 23:43:04,889 ] 33 root - INFO - Required number of Columns: 31
[ 2025-09-16 23:43:04,889 ] 34 root - INFO - DataFrame has Columns: Index(['having_IP_Address', 'URL_Length', 'Shortining_Service',
       'having_At_Symbol', 'double_slash_redirecting', 'Prefix_Suffix',
       'having_Sub_Domain', 'SSLfinal_State', 'Domain_registeration_length',
       'Favicon', 'port', 'HTTPS_token', 'Request_URL', 'URL_of_Anchor',
       'Links_in_tags', 'SFH', 'Submitting_to_email', 'Abnormal_URL',
       'Redirect', 'on_mouseover', 'RightClick', 'popUpWidnow', 'Iframe',
       'age_of_domain', 'DNSRecord', 'web_traffic', 'Page_Rank',
       'Google_Index', 'Links_pointing_to_page', 'Statistical_report',
       'Result'],
      dtype='object')
[ 2025-09-16 23:43:04,889 ] 36 root - INFO - \u2705 Number of columns validation passed.
[ 2025-09-16 23:43:04,889 ] 33 root - INFO - Required number of Columns: 31
[ 2025-09-16 23:43:04,889 ] 34 root - INFO - DataFrame has Columns: Index(['having_IP_Address', 'URL_Length', 'Shortining_Service',
       'having_At_Symbol', 'double_slash_redirecting', 'Prefix_Suffix',
       'having_Sub_Domain', 'SSLfinal_State', 'Domain_registeration_length',
       'Favicon', 'port', 'HTTPS_token', 'Request_URL', 'URL_of_Anchor',
       'Links_in_tags', 'SFH', 'Submitting_to_email', 'Abnormal_URL',
       'Redirect', 'on_mouseover', 'RightClick', 'popUpWidnow', 'Iframe',
       'age_of_domain', 'DNSRecord', 'web_traffic', 'Page_Rank',
       'Google_Index', 'Links_pointing_to_page', 'Statistical_report',
       'Result'],
      dtype='object')
[ 2025-09-16 23:43:04,890 ] 36 root - INFO - \u2705 Number of columns validation passed.
[ 2025-09-16 23:43:04,892 ] 57 root - INFO - \u2705 Numerical columns validation passed.
[ 2025-09-16 23:43:04,893 ] 57 root - INFO - \u2705 Numerical columns validation passed.
[ 2025-09-16 23:43:04,893 ] 118 root - INFO - \u2705 Schema validation checks passed for both train and test DataFrames.
[ 2025-09-16 23:43:04,972 ] 88 root - INFO - \u2705 No data drift detected between train and test.
[ 2025-09-16 23:43:05,031 ] 129 root - INFO - \u2705 Validated train and test DataFrames saved successfully.
[ 2025-09-16 23:43:05,031 ] 140 root - INFO - \u2705 Data Validation Artifact created successfully.
[ 2025-09-16 23:43:05,031 ] 57 root - INFO - Data Validation completed: DataValidationArtifact(validation_status=True, valid_train_file_path='Artifacts\\09_16_2025_23_41_36\\data_validation\\validated\\train.csv', valid_test_file_path='Artifacts\\09_16_2025_23_41_36\\data_validation\\validated\\test.csv', invalid_train_file_path=None, invalid_test_file_path=None, drift_report_file_path='Artifacts\\09_16_2025_23_41_36\\data_validation\\drift_report\\report.yaml')
[ 2025-09-16 23:43:05,031 ] 65 root - INFO - Starting Data Transformation...
[ 2025-09-16 23:43:05,031 ] 63 root - INFO - Entered initiate_data_transformation method of DataTransformation class
[ 2025-09-16 23:43:05,031 ] 65 root - INFO - Starting data transformation
[ 2025-09-16 23:43:05,079 ] 48 root - INFO - Entered get_data_trnasformer_object method of Trnasformation class
[ 2025-09-16 23:43:05,079 ] 53 root - INFO - Initialise KNNImputer with {'missing_values': nan, 'n_neighbors': 3, 'weights': 'uniform'}
[ 2025-09-16 23:43:05,091 ] 46 root - INFO - Entered the save_object method of MainUtils class
[ 2025-09-16 23:43:05,094 ] 50 root - INFO - Exited the save_object method of MainUtils class
[ 2025-09-16 23:43:05,094 ] 46 root - INFO - Entered the save_object method of MainUtils class
[ 2025-09-16 23:43:05,097 ] 50 root - INFO - Exited the save_object method of MainUtils class
[ 2025-09-16 23:43:05,097 ] 71 root - INFO - Data Transformation completed: DataTransformationArtifact(transformed_object_file_path='Artifacts\\09_16_2025_23_41_36\\data_transformation\\transformed_object\\preprocessing.pkl', transformed_train_file_path='Artifacts\\09_16_2025_23_41_36\\data_transformation\\transformed\\train.npy', transformed_test_file_path='Artifacts\\09_16_2025_23_41_36\\data_transformation\\transformed\\test.npy')
[ 2025-09-16 23:43:05,097 ] 79 root - INFO - Starting Model Training...
[ 2025-09-16 23:46:25,469 ] 46 root - INFO - Entered the save_object method of MainUtils class
[ 2025-09-16 23:46:25,476 ] 50 root - INFO - Exited the save_object method of MainUtils class
[ 2025-09-16 23:46:25,476 ] 46 root - INFO - Entered the save_object method of MainUtils class
[ 2025-09-16 23:46:25,481 ] 50 root - INFO - Exited the save_object method of MainUtils class
[ 2025-09-16 23:46:25,481 ] 136 root - INFO - Model trainer artifact: ModelTrainerArtifact(trained_model_file_path='Artifacts\\09_16_2025_23_41_36\\model_trainer\\trained_model\\model.pkl', train_metric_artifact=ClassificationMetricArtifact(f1_score=0.991988642125545, precision_score=0.9930964467005076, recall_score=0.9908833063209076), test_metric_artifact=ClassificationMetricArtifact(f1_score=0.9718252347897101, precision_score=0.9690553745928339, recall_score=0.9746109746109746))
[ 2025-09-16 23:46:25,482 ] 85 root - INFO - Model Training completed: ModelTrainerArtifact(trained_model_file_path='Artifacts\\09_16_2025_23_41_36\\model_trainer\\trained_model\\model.pkl', train_metric_artifact=ClassificationMetricArtifact(f1_score=0.991988642125545, precision_score=0.9930964467005076, recall_score=0.9908833063209076), test_metric_artifact=ClassificationMetricArtifact(f1_score=0.9718252347897101, precision_score=0.9690553745928339, recall_score=0.9746109746109746))
