[ 2025-09-17 19:33:55,601 ] 1025 httpx - INFO - HTTP Request: GET https://dagshub.com/api/v1/user "HTTP/1.1 200 OK"
[ 2025-09-17 19:33:55,605 ] 107 dagshub - INFO - Accessing as ShubhamJadhav03
[ 2025-09-17 19:33:56,030 ] 1025 httpx - INFO - HTTP Request: GET https://dagshub.com/api/v1/repos/ShubhamJadhav03/networksecurity "HTTP/1.1 200 OK"
[ 2025-09-17 19:33:56,381 ] 1025 httpx - INFO - HTTP Request: GET https://dagshub.com/api/v1/user "HTTP/1.1 200 OK"
[ 2025-09-17 19:33:56,382 ] 107 dagshub - INFO - Initialized MLflow to track repo "ShubhamJadhav03/networksecurity"
[ 2025-09-17 19:33:56,383 ] 107 dagshub - INFO - Repository ShubhamJadhav03/networksecurity initialized!
[ 2025-09-17 19:34:09,576 ] 42 root - INFO - Starting Data Ingestion...
[ 2025-09-17 19:34:11,367 ] 66 root - INFO - Performed train test split on the dataframe
[ 2025-09-17 19:34:11,367 ] 68 root - INFO - Exited the split data as train test method of Data Ingestion class
[ 2025-09-17 19:34:11,368 ] 74 root - INFO - Exporting Train and Test File Path
[ 2025-09-17 19:34:11,429 ] 79 root - INFO - Exported train and test file path.
[ 2025-09-17 19:34:11,430 ] 45 root - INFO - Data Ingestion completed: DataIngestionArtifact(trained_file_path='Artifacts\\09_17_2025_19_33_51\\data_ingestion\\ingested\\train.csv', test_file_path='Artifacts\\09_17_2025_19_33_51\\data_ingestion\\ingested\\test.csv')
[ 2025-09-17 19:34:11,430 ] 53 root - INFO - Starting Data Validation...
[ 2025-09-17 19:34:11,484 ] 33 root - INFO - Required number of Columns: 31
[ 2025-09-17 19:34:11,485 ] 34 root - INFO - DataFrame has Columns: Index(['having_IP_Address', 'URL_Length', 'Shortining_Service',
       'having_At_Symbol', 'double_slash_redirecting', 'Prefix_Suffix',
       'having_Sub_Domain', 'SSLfinal_State', 'Domain_registeration_length',
       'Favicon', 'port', 'HTTPS_token', 'Request_URL', 'URL_of_Anchor',
       'Links_in_tags', 'SFH', 'Submitting_to_email', 'Abnormal_URL',
       'Redirect', 'on_mouseover', 'RightClick', 'popUpWidnow', 'Iframe',
       'age_of_domain', 'DNSRecord', 'web_traffic', 'Page_Rank',
       'Google_Index', 'Links_pointing_to_page', 'Statistical_report',
       'Result'],
      dtype='object')
[ 2025-09-17 19:34:11,485 ] 36 root - INFO - \u2705 Number of columns validation passed.
[ 2025-09-17 19:34:11,485 ] 33 root - INFO - Required number of Columns: 31
[ 2025-09-17 19:34:11,485 ] 34 root - INFO - DataFrame has Columns: Index(['having_IP_Address', 'URL_Length', 'Shortining_Service',
       'having_At_Symbol', 'double_slash_redirecting', 'Prefix_Suffix',
       'having_Sub_Domain', 'SSLfinal_State', 'Domain_registeration_length',
       'Favicon', 'port', 'HTTPS_token', 'Request_URL', 'URL_of_Anchor',
       'Links_in_tags', 'SFH', 'Submitting_to_email', 'Abnormal_URL',
       'Redirect', 'on_mouseover', 'RightClick', 'popUpWidnow', 'Iframe',
       'age_of_domain', 'DNSRecord', 'web_traffic', 'Page_Rank',
       'Google_Index', 'Links_pointing_to_page', 'Statistical_report',
       'Result'],
      dtype='object')
[ 2025-09-17 19:34:11,485 ] 36 root - INFO - \u2705 Number of columns validation passed.
[ 2025-09-17 19:34:11,486 ] 57 root - INFO - \u2705 Numerical columns validation passed.
[ 2025-09-17 19:34:11,486 ] 57 root - INFO - \u2705 Numerical columns validation passed.
[ 2025-09-17 19:34:11,486 ] 118 root - INFO - \u2705 Schema validation checks passed for both train and test DataFrames.
[ 2025-09-17 19:34:11,564 ] 88 root - INFO - \u2705 No data drift detected between train and test.
[ 2025-09-17 19:34:11,630 ] 129 root - INFO - \u2705 Validated train and test DataFrames saved successfully.
[ 2025-09-17 19:34:11,630 ] 140 root - INFO - \u2705 Data Validation Artifact created successfully.
[ 2025-09-17 19:34:11,631 ] 59 root - INFO - Data Validation completed: DataValidationArtifact(validation_status=True, valid_train_file_path='Artifacts\\09_17_2025_19_33_51\\data_validation\\validated\\train.csv', valid_test_file_path='Artifacts\\09_17_2025_19_33_51\\data_validation\\validated\\test.csv', invalid_train_file_path=None, invalid_test_file_path=None, drift_report_file_path='Artifacts\\09_17_2025_19_33_51\\data_validation\\drift_report\\report.yaml')
[ 2025-09-17 19:34:11,631 ] 67 root - INFO - Starting Data Transformation...
[ 2025-09-17 19:34:11,631 ] 63 root - INFO - Entered initiate_data_transformation method of DataTransformation class
[ 2025-09-17 19:34:11,631 ] 65 root - INFO - Starting data transformation
[ 2025-09-17 19:34:11,682 ] 48 root - INFO - Entered get_data_trnasformer_object method of Trnasformation class
[ 2025-09-17 19:34:11,683 ] 53 root - INFO - Initialise KNNImputer with {'missing_values': nan, 'n_neighbors': 3, 'weights': 'uniform'}
[ 2025-09-17 19:34:11,697 ] 46 root - INFO - Entered the save_object method of MainUtils class
[ 2025-09-17 19:34:11,701 ] 50 root - INFO - Exited the save_object method of MainUtils class
[ 2025-09-17 19:34:11,701 ] 46 root - INFO - Entered the save_object method of MainUtils class
[ 2025-09-17 19:34:11,704 ] 50 root - INFO - Exited the save_object method of MainUtils class
[ 2025-09-17 19:34:11,704 ] 73 root - INFO - Data Transformation completed: DataTransformationArtifact(transformed_object_file_path='Artifacts\\09_17_2025_19_33_51\\data_transformation\\transformed_object\\preprocessing.pkl', transformed_train_file_path='Artifacts\\09_17_2025_19_33_51\\data_transformation\\transformed\\train.npy', transformed_test_file_path='Artifacts\\09_17_2025_19_33_51\\data_transformation\\transformed\\test.npy')
[ 2025-09-17 19:34:11,704 ] 100 root - INFO - Starting Model Training...
[ 2025-09-17 19:39:32,899 ] 46 root - INFO - Entered the save_object method of MainUtils class
[ 2025-09-17 19:39:32,938 ] 50 root - INFO - Exited the save_object method of MainUtils class
[ 2025-09-17 19:39:32,938 ] 46 root - INFO - Entered the save_object method of MainUtils class
[ 2025-09-17 19:39:32,969 ] 50 root - INFO - Exited the save_object method of MainUtils class
[ 2025-09-17 19:39:32,969 ] 136 root - INFO - Model trainer artifact: ModelTrainerArtifact(trained_model_file_path='Artifacts\\09_17_2025_19_33_51\\model_trainer\\trained_model\\model.pkl', train_metric_artifact=ClassificationMetricArtifact(f1_score=0.9924173491052471, precision_score=0.9901149889045794, recall_score=0.9947304418321848), test_metric_artifact=ClassificationMetricArtifact(f1_score=0.9668016194331984, precision_score=0.9574979951884522, recall_score=0.9762878168438267))
[ 2025-09-17 19:39:32,973 ] 106 root - INFO - Model Training completed: ModelTrainerArtifact(trained_model_file_path='Artifacts\\09_17_2025_19_33_51\\model_trainer\\trained_model\\model.pkl', train_metric_artifact=ClassificationMetricArtifact(f1_score=0.9924173491052471, precision_score=0.9901149889045794, recall_score=0.9947304418321848), test_metric_artifact=ClassificationMetricArtifact(f1_score=0.9668016194331984, precision_score=0.9574979951884522, recall_score=0.9762878168438267))
